# JRE version: OpenJDK Runtime Environment Microsoft-7208460 (11.0.18+10) (build 11.0.18+10-LTS)
# Java VM: OpenJDK 64-Bit Server VM Microsoft-7208460 (11.0.18+10-LTS, mixed mode, tiered, compressed oops, g1 gc, windows-amd64)
Heap:
 garbage-first heap   total 183296K, used 128553K [0x0000000080000000, 0x0000000100000000)
  region size 1024K, 1 young (1024K), 1 survivors (1024K)
 Metaspace       used 105238K, capacity 108644K, committed 108752K, reserved 610304K
  class space    used 13800K, capacity 15145K, committed 15232K, reserved 516096K
GC Heap History (20 events):
Event: 135.260 GC heap after
{Heap after GC invocations=75 (full 0):
 garbage-first heap   total 152576K, used 123440K [0x0000000080000000, 0x0000000100000000)
  region size 1024K, 1 young (1024K), 1 survivors (1024K)
 Metaspace       used 101374K, capacity 104603K, committed 104784K, reserved 608256K
  class space    used 13254K, capacity 14516K, committed 14592K, reserved 516096K
}
Event: 135.492 GC heap before
{Heap before GC invocations=75 (full 0):
 garbage-first heap   total 152576K, used 130608K [0x0000000080000000, 0x0000000100000000)
  region size 1024K, 8 young (8192K), 1 survivors (1024K)
 Metaspace       used 101714K, capacity 104987K, committed 105040K, reserved 608256K
  class space    used 13292K, capacity 14580K, committed 14592K, reserved 516096K
}
Event: 135.496 GC heap after
{Heap after GC invocations=76 (full 0):
 garbage-first heap   total 152576K, used 123978K [0x0000000080000000, 0x0000000100000000)
  region size 1024K, 1 young (1024K), 1 survivors (1024K)
 Metaspace       used 101714K, capacity 104987K, committed 105040K, reserved 608256K
  class space    used 13292K, capacity 14580K, committed 14592K, reserved 516096K
}
Event: 135.778 GC heap before
{Heap before GC invocations=77 (full 0):
 garbage-first heap   total 152576K, used 131146K [0x0000000080000000, 0x0000000100000000)
  region size 1024K, 8 young (8192K), 1 survivors (1024K)
 Metaspace       used 101923K, capacity 105202K, committed 105424K, reserved 608256K
  class space    used 13322K, capacity 14652K, committed 14720K, reserved 516096K
}
Event: 135.796 GC heap after
{Heap after GC invocations=78 (full 0):
 garbage-first heap   total 152576K, used 124997K [0x0000000080000000, 0x0000000100000000)
  region size 1024K, 1 young (1024K), 1 survivors (1024K)
 Metaspace       used 101923K, capacity 105202K, committed 105424K, reserved 608256K
  class space    used 13322K, capacity 14652K, committed 14720K, reserved 516096K
}
Event: 135.952 GC heap before
{Heap before GC invocations=78 (full 0):
 garbage-first heap   total 152576K, used 131141K [0x0000000080000000, 0x0000000100000000)
  region size 1024K, 7 young (7168K), 1 survivors (1024K)
 Metaspace       used 102239K, capacity 105560K, committed 105680K, reserved 608256K
  class space    used 13358K, capacity 14685K, committed 14720K, reserved 516096K
}
Event: 135.961 GC heap after
{Heap after GC invocations=79 (full 0):
 garbage-first heap   total 152576K, used 124741K [0x0000000080000000, 0x0000000100000000)
  region size 1024K, 1 young (1024K), 1 survivors (1024K)
 Metaspace       used 102239K, capacity 105560K, committed 105680K, reserved 608256K
  class space    used 13358K, capacity 14685K, committed 14720K, reserved 516096K
}
Event: 136.777 GC heap before
{Heap before GC invocations=79 (full 0):
 garbage-first heap   total 152576K, used 130885K [0x0000000080000000, 0x0000000100000000)
  region size 1024K, 7 young (7168K), 1 survivors (1024K)
 Metaspace       used 102448K, capacity 105752K, committed 106064K, reserved 608256K
  class space    used 13388K, capacity 14725K, committed 14848K, reserved 516096K
}
Event: 136.782 GC heap after
{Heap after GC invocations=80 (full 0):
 garbage-first heap   total 152576K, used 125545K [0x0000000080000000, 0x0000000100000000)
  region size 1024K, 1 young (1024K), 1 survivors (1024K)
 Metaspace       used 102448K, capacity 105752K, committed 106064K, reserved 608256K
  class space    used 13388K, capacity 14725K, committed 14848K, reserved 516096K
}
Event: 136.959 GC heap before
{Heap before GC invocations=80 (full 0):
 garbage-first heap   total 152576K, used 131689K [0x0000000080000000, 0x0000000100000000)
  region size 1024K, 7 young (7168K), 1 survivors (1024K)
 Metaspace       used 102608K, capacity 106011K, committed 106320K, reserved 608256K
  class space    used 13412K, capacity 14769K, committed 14848K, reserved 516096K
}
Event: 136.965 GC heap after
{Heap after GC invocations=81 (full 0):
 garbage-first heap   total 152576K, used 127053K [0x0000000080000000, 0x0000000100000000)
  region size 1024K, 1 young (1024K), 1 survivors (1024K)
 Metaspace       used 102608K, capacity 106011K, committed 106320K, reserved 608256K
  class space    used 13412K, capacity 14769K, committed 14848K, reserved 516096K
}
Event: 137.448 GC heap before
{Heap before GC invocations=82 (full 0):
 garbage-first heap   total 152576K, used 133197K [0x0000000080000000, 0x0000000100000000)
  region size 1024K, 7 young (7168K), 1 survivors (1024K)
 Metaspace       used 102960K, capacity 106362K, committed 106576K, reserved 608256K
  class space    used 13455K, capacity 14817K, committed 14848K, reserved 516096K
}
Event: 137.454 GC heap after
{Heap after GC invocations=83 (full 0):
 garbage-first heap   total 152576K, used 128104K [0x0000000080000000, 0x0000000100000000)
  region size 1024K, 1 young (1024K), 1 survivors (1024K)
 Metaspace       used 102960K, capacity 106362K, committed 106576K, reserved 608256K
  class space    used 13455K, capacity 14817K, committed 14848K, reserved 516096K
}
Event: 137.607 GC heap before
{Heap before GC invocations=83 (full 0):
 garbage-first heap   total 152576K, used 134248K [0x0000000080000000, 0x0000000100000000)
  region size 1024K, 7 young (7168K), 1 survivors (1024K)
 Metaspace       used 103333K, capacity 106664K, committed 106960K, reserved 608256K
  class space    used 13504K, capacity 14851K, committed 14976K, reserved 516096K
}
Event: 137.620 GC heap after
{Heap after GC invocations=84 (full 0):
 garbage-first heap   total 152576K, used 128549K [0x0000000080000000, 0x0000000100000000)
  region size 1024K, 1 young (1024K), 1 survivors (1024K)
 Metaspace       used 103333K, capacity 106664K, committed 106960K, reserved 608256K
  class space    used 13504K, capacity 14851K, committed 14976K, reserved 516096K
}
Event: 137.994 GC heap before
{Heap before GC invocations=85 (full 0):
 garbage-first heap   total 152576K, used 134693K [0x0000000080000000, 0x0000000100000000)
  region size 1024K, 7 young (7168K), 1 survivors (1024K)
 Metaspace       used 103927K, capacity 107294K, committed 107472K, reserved 610304K
  class space    used 13592K, capacity 14952K, committed 14976K, reserved 516096K
}
Event: 137.999 GC heap after
{Heap after GC invocations=86 (full 0):
 garbage-first heap   total 152576K, used 128770K [0x0000000080000000, 0x0000000100000000)
  region size 1024K, 1 young (1024K), 1 survivors (1024K)
 Metaspace       used 103927K, capacity 107294K, committed 107472K, reserved 610304K
  class space    used 13592K, capacity 14952K, committed 14976K, reserved 516096K
}
Event: 138.192 GC heap before
{Heap before GC invocations=86 (full 0):
 garbage-first heap   total 152576K, used 134914K [0x0000000080000000, 0x0000000100000000)
  region size 1024K, 7 young (7168K), 1 survivors (1024K)
 Metaspace       used 104530K, capacity 107876K, committed 108112K, reserved 610304K
  class space    used 13678K, capacity 15017K, committed 15104K, reserved 516096K
}
Event: 138.202 GC heap after
{Heap after GC invocations=87 (full 0):
 garbage-first heap   total 152576K, used 128424K [0x0000000080000000, 0x0000000100000000)
  region size 1024K, 1 young (1024K), 1 survivors (1024K)
 Metaspace       used 104530K, capacity 107876K, committed 108112K, reserved 610304K
  class space    used 13678K, capacity 15017K, committed 15104K, reserved 516096K
}
Event: 138.379 GC heap before
{Heap before GC invocations=87 (full 0):
 garbage-first heap   total 152576K, used 134568K [0x0000000080000000, 0x0000000100000000)
  region size 1024K, 7 young (7168K), 1 survivors (1024K)
 Metaspace       used 105238K, capacity 108644K, committed 108752K, reserved 610304K
  class space    used 13800K, capacity 15145K, committed 15232K, reserved 516096K
}

