# JRE version: OpenJDK Runtime Environment Microsoft-7208460 (11.0.18+10) (build 11.0.18+10-LTS)
# Java VM: OpenJDK 64-Bit Server VM Microsoft-7208460 (11.0.18+10-LTS, mixed mode, tiered, compressed oops, g1 gc, windows-amd64)
Heap:
 garbage-first heap   total 152576K, used 133304K [0x0000000080000000, 0x0000000100000000)
  region size 1024K, 6 young (6144K), 1 survivors (1024K)
 Metaspace       used 105907K, capacity 109343K, committed 109520K, reserved 612352K
  class space    used 13892K, capacity 15222K, committed 15232K, reserved 516096K
GC Heap History (20 events):
Event: 135.551 GC heap before
{Heap before GC invocations=95 (full 0):
 garbage-first heap   total 152576K, used 130721K [0x0000000080000000, 0x0000000100000000)
  region size 1024K, 7 young (7168K), 1 survivors (1024K)
 Metaspace       used 101877K, capacity 105159K, committed 105424K, reserved 608256K
  class space    used 13307K, capacity 14618K, committed 14720K, reserved 516096K
}
Event: 135.555 GC heap after
{Heap after GC invocations=96 (full 0):
 garbage-first heap   total 152576K, used 125075K [0x0000000080000000, 0x0000000100000000)
  region size 1024K, 1 young (1024K), 1 survivors (1024K)
 Metaspace       used 101877K, capacity 105159K, committed 105424K, reserved 608256K
  class space    used 13307K, capacity 14618K, committed 14720K, reserved 516096K
}
Event: 135.857 GC heap before
{Heap before GC invocations=97 (full 0):
 garbage-first heap   total 152576K, used 131219K [0x0000000080000000, 0x0000000100000000)
  region size 1024K, 7 young (7168K), 1 survivors (1024K)
 Metaspace       used 102146K, capacity 105427K, committed 105680K, reserved 608256K
  class space    used 13337K, capacity 14684K, committed 14720K, reserved 516096K
}
Event: 135.861 GC heap after
{Heap after GC invocations=98 (full 0):
 garbage-first heap   total 152576K, used 125996K [0x0000000080000000, 0x0000000100000000)
  region size 1024K, 1 young (1024K), 1 survivors (1024K)
 Metaspace       used 102146K, capacity 105427K, committed 105680K, reserved 608256K
  class space    used 13337K, capacity 14684K, committed 14720K, reserved 516096K
}
Event: 135.972 GC heap before
{Heap before GC invocations=98 (full 0):
 garbage-first heap   total 152576K, used 132140K [0x0000000080000000, 0x0000000100000000)
  region size 1024K, 7 young (7168K), 1 survivors (1024K)
 Metaspace       used 102447K, capacity 105718K, committed 105936K, reserved 608256K
  class space    used 13376K, capacity 14717K, committed 14720K, reserved 516096K
}
Event: 135.976 GC heap after
{Heap after GC invocations=99 (full 0):
 garbage-first heap   total 152576K, used 126583K [0x0000000080000000, 0x0000000100000000)
  region size 1024K, 1 young (1024K), 1 survivors (1024K)
 Metaspace       used 102447K, capacity 105718K, committed 105936K, reserved 608256K
  class space    used 13376K, capacity 14717K, committed 14720K, reserved 516096K
}
Event: 136.679 GC heap before
{Heap before GC invocations=100 (full 0):
 garbage-first heap   total 152576K, used 132727K [0x0000000080000000, 0x0000000100000000)
  region size 1024K, 7 young (7168K), 1 survivors (1024K)
 Metaspace       used 102559K, capacity 105924K, committed 106064K, reserved 608256K
  class space    used 13394K, capacity 14763K, committed 14848K, reserved 516096K
}
Event: 136.684 GC heap after
{Heap after GC invocations=101 (full 0):
 garbage-first heap   total 152576K, used 128322K [0x0000000080000000, 0x0000000100000000)
  region size 1024K, 1 young (1024K), 1 survivors (1024K)
 Metaspace       used 102559K, capacity 105924K, committed 106064K, reserved 608256K
  class space    used 13394K, capacity 14763K, committed 14848K, reserved 516096K
}
Event: 137.007 GC heap before
{Heap before GC invocations=101 (full 0):
 garbage-first heap   total 152576K, used 134466K [0x0000000080000000, 0x0000000100000000)
  region size 1024K, 7 young (7168K), 1 survivors (1024K)
 Metaspace       used 102817K, capacity 106179K, committed 106320K, reserved 608256K
  class space    used 13427K, capacity 14780K, committed 14848K, reserved 516096K
}
Event: 137.044 GC heap after
{Heap after GC invocations=102 (full 0):
 garbage-first heap   total 152576K, used 129523K [0x0000000080000000, 0x0000000100000000)
  region size 1024K, 1 young (1024K), 1 survivors (1024K)
 Metaspace       used 102817K, capacity 106179K, committed 106320K, reserved 608256K
  class space    used 13427K, capacity 14780K, committed 14848K, reserved 516096K
}
Event: 137.503 GC heap before
{Heap before GC invocations=103 (full 0):
 garbage-first heap   total 152576K, used 135667K [0x0000000080000000, 0x0000000100000000)
  region size 1024K, 7 young (7168K), 1 survivors (1024K)
 Metaspace       used 103217K, capacity 106592K, committed 106960K, reserved 608256K
  class space    used 13477K, capacity 14850K, committed 14976K, reserved 516096K
}
Event: 137.508 GC heap after
{Heap after GC invocations=104 (full 0):
 garbage-first heap   total 152576K, used 130217K [0x0000000080000000, 0x0000000100000000)
  region size 1024K, 1 young (1024K), 1 survivors (1024K)
 Metaspace       used 103217K, capacity 106592K, committed 106960K, reserved 608256K
  class space    used 13477K, capacity 14850K, committed 14976K, reserved 516096K
}
Event: 137.790 GC heap before
{Heap before GC invocations=104 (full 0):
 garbage-first heap   total 152576K, used 136361K [0x0000000080000000, 0x0000000100000000)
  region size 1024K, 7 young (7168K), 1 survivors (1024K)
 Metaspace       used 103580K, capacity 106961K, committed 107216K, reserved 610304K
  class space    used 13530K, capacity 14885K, committed 14976K, reserved 516096K
}
Event: 137.794 GC heap after
{Heap after GC invocations=105 (full 0):
 garbage-first heap   total 152576K, used 128742K [0x0000000080000000, 0x0000000100000000)
  region size 1024K, 1 young (1024K), 1 survivors (1024K)
 Metaspace       used 103580K, capacity 106961K, committed 107216K, reserved 610304K
  class space    used 13530K, capacity 14885K, committed 14976K, reserved 516096K
}
Event: 138.037 GC heap before
{Heap before GC invocations=105 (full 0):
 garbage-first heap   total 152576K, used 134886K [0x0000000080000000, 0x0000000100000000)
  region size 1024K, 7 young (7168K), 1 survivors (1024K)
 Metaspace       used 104337K, capacity 107773K, committed 108112K, reserved 610304K
  class space    used 13645K, capacity 14984K, committed 15104K, reserved 516096K
}
Event: 138.040 GC heap after
{Heap after GC invocations=106 (full 0):
 garbage-first heap   total 152576K, used 128825K [0x0000000080000000, 0x0000000100000000)
  region size 1024K, 1 young (1024K), 1 survivors (1024K)
 Metaspace       used 104337K, capacity 107773K, committed 108112K, reserved 610304K
  class space    used 13645K, capacity 14984K, committed 15104K, reserved 516096K
}
Event: 138.278 GC heap before
{Heap before GC invocations=106 (full 0):
 garbage-first heap   total 152576K, used 134969K [0x0000000080000000, 0x0000000100000000)
  region size 1024K, 7 young (7168K), 1 survivors (1024K)
 Metaspace       used 105050K, capacity 108445K, committed 108624K, reserved 610304K
  class space    used 13742K, capacity 15080K, committed 15104K, reserved 516096K
}
Event: 138.281 GC heap after
{Heap after GC invocations=107 (full 0):
 garbage-first heap   total 152576K, used 128982K [0x0000000080000000, 0x0000000100000000)
  region size 1024K, 1 young (1024K), 1 survivors (1024K)
 Metaspace       used 105050K, capacity 108445K, committed 108624K, reserved 610304K
  class space    used 13742K, capacity 15080K, committed 15104K, reserved 516096K
}
Event: 138.444 GC heap before
{Heap before GC invocations=108 (full 0):
 garbage-first heap   total 152576K, used 135126K [0x0000000080000000, 0x0000000100000000)
  region size 1024K, 7 young (7168K), 1 survivors (1024K)
 Metaspace       used 105570K, capacity 108925K, committed 109008K, reserved 610304K
  class space    used 13853K, capacity 15176K, committed 15232K, reserved 516096K
}
Event: 138.447 GC heap after
{Heap after GC invocations=109 (full 0):
 garbage-first heap   total 152576K, used 129208K [0x0000000080000000, 0x0000000100000000)
  region size 1024K, 1 young (1024K), 1 survivors (1024K)
 Metaspace       used 105570K, capacity 108925K, committed 109008K, reserved 610304K
  class space    used 13853K, capacity 15176K, committed 15232K, reserved 516096K
}

