# JRE version: OpenJDK Runtime Environment Microsoft-7208460 (11.0.18+10) (build 11.0.18+10-LTS)
# Java VM: OpenJDK 64-Bit Server VM Microsoft-7208460 (11.0.18+10-LTS, mixed mode, tiered, compressed oops, g1 gc, windows-amd64)
Heap:
 garbage-first heap   total 152576K, used 133080K [0x0000000080000000, 0x0000000100000000)
  region size 1024K, 2 young (2048K), 1 survivors (1024K)
 Metaspace       used 104665K, capacity 108099K, committed 108244K, reserved 610304K
  class space    used 13744K, capacity 15066K, committed 15104K, reserved 516096K
GC Heap History (20 events):
Event: 97.146 GC heap before
{Heap before GC invocations=77 (full 0):
 garbage-first heap   total 152576K, used 138879K [0x0000000080000000, 0x0000000100000000)
  region size 1024K, 7 young (7168K), 1 survivors (1024K)
 Metaspace       used 104564K, capacity 107954K, committed 108244K, reserved 610304K
  class space    used 13742K, capacity 15063K, committed 15104K, reserved 516096K
}
Event: 97.147 GC heap after
{Heap after GC invocations=78 (full 0):
 garbage-first heap   total 152576K, used 132753K [0x0000000080000000, 0x0000000100000000)
  region size 1024K, 1 young (1024K), 1 survivors (1024K)
 Metaspace       used 104564K, capacity 107954K, committed 108244K, reserved 610304K
  class space    used 13742K, capacity 15063K, committed 15104K, reserved 516096K
}
Event: 97.548 GC heap before
{Heap before GC invocations=78 (full 0):
 garbage-first heap   total 152576K, used 138897K [0x0000000080000000, 0x0000000100000000)
  region size 1024K, 7 young (7168K), 1 survivors (1024K)
 Metaspace       used 104564K, capacity 107954K, committed 108244K, reserved 610304K
  class space    used 13742K, capacity 15063K, committed 15104K, reserved 516096K
}
Event: 97.551 GC heap after
{Heap after GC invocations=79 (full 0):
 garbage-first heap   total 152576K, used 132718K [0x0000000080000000, 0x0000000100000000)
  region size 1024K, 1 young (1024K), 1 survivors (1024K)
 Metaspace       used 104564K, capacity 107954K, committed 108244K, reserved 610304K
  class space    used 13742K, capacity 15063K, committed 15104K, reserved 516096K
}
Event: 98.014 GC heap before
{Heap before GC invocations=79 (full 0):
 garbage-first heap   total 152576K, used 138862K [0x0000000080000000, 0x0000000100000000)
  region size 1024K, 7 young (7168K), 1 survivors (1024K)
 Metaspace       used 104564K, capacity 107954K, committed 108244K, reserved 610304K
  class space    used 13742K, capacity 15063K, committed 15104K, reserved 516096K
}
Event: 98.016 GC heap after
{Heap after GC invocations=80 (full 0):
 garbage-first heap   total 152576K, used 132736K [0x0000000080000000, 0x0000000100000000)
  region size 1024K, 1 young (1024K), 1 survivors (1024K)
 Metaspace       used 104564K, capacity 107954K, committed 108244K, reserved 610304K
  class space    used 13742K, capacity 15063K, committed 15104K, reserved 516096K
}
Event: 98.287 GC heap before
{Heap before GC invocations=80 (full 0):
 garbage-first heap   total 152576K, used 138880K [0x0000000080000000, 0x0000000100000000)
  region size 1024K, 7 young (7168K), 1 survivors (1024K)
 Metaspace       used 104564K, capacity 107954K, committed 108244K, reserved 610304K
  class space    used 13742K, capacity 15063K, committed 15104K, reserved 516096K
}
Event: 98.306 GC heap after
{Heap after GC invocations=81 (full 0):
 garbage-first heap   total 152576K, used 132718K [0x0000000080000000, 0x0000000100000000)
  region size 1024K, 1 young (1024K), 1 survivors (1024K)
 Metaspace       used 104564K, capacity 107954K, committed 108244K, reserved 610304K
  class space    used 13742K, capacity 15063K, committed 15104K, reserved 516096K
}
Event: 98.597 GC heap before
{Heap before GC invocations=81 (full 0):
 garbage-first heap   total 152576K, used 138862K [0x0000000080000000, 0x0000000100000000)
  region size 1024K, 7 young (7168K), 1 survivors (1024K)
 Metaspace       used 104564K, capacity 107954K, committed 108244K, reserved 610304K
  class space    used 13742K, capacity 15063K, committed 15104K, reserved 516096K
}
Event: 98.599 GC heap after
{Heap after GC invocations=82 (full 0):
 garbage-first heap   total 152576K, used 132747K [0x0000000080000000, 0x0000000100000000)
  region size 1024K, 1 young (1024K), 1 survivors (1024K)
 Metaspace       used 104564K, capacity 107954K, committed 108244K, reserved 610304K
  class space    used 13742K, capacity 15063K, committed 15104K, reserved 516096K
}
Event: 98.942 GC heap before
{Heap before GC invocations=82 (full 0):
 garbage-first heap   total 152576K, used 138891K [0x0000000080000000, 0x0000000100000000)
  region size 1024K, 7 young (7168K), 1 survivors (1024K)
 Metaspace       used 104564K, capacity 107954K, committed 108244K, reserved 610304K
  class space    used 13742K, capacity 15063K, committed 15104K, reserved 516096K
}
Event: 98.944 GC heap after
{Heap after GC invocations=83 (full 0):
 garbage-first heap   total 152576K, used 132735K [0x0000000080000000, 0x0000000100000000)
  region size 1024K, 1 young (1024K), 1 survivors (1024K)
 Metaspace       used 104564K, capacity 107954K, committed 108244K, reserved 610304K
  class space    used 13742K, capacity 15063K, committed 15104K, reserved 516096K
}
Event: 99.266 GC heap before
{Heap before GC invocations=83 (full 0):
 garbage-first heap   total 152576K, used 138879K [0x0000000080000000, 0x0000000100000000)
  region size 1024K, 7 young (7168K), 1 survivors (1024K)
 Metaspace       used 104564K, capacity 107954K, committed 108244K, reserved 610304K
  class space    used 13742K, capacity 15063K, committed 15104K, reserved 516096K
}
Event: 99.267 GC heap after
{Heap after GC invocations=84 (full 0):
 garbage-first heap   total 152576K, used 132729K [0x0000000080000000, 0x0000000100000000)
  region size 1024K, 1 young (1024K), 1 survivors (1024K)
 Metaspace       used 104564K, capacity 107954K, committed 108244K, reserved 610304K
  class space    used 13742K, capacity 15063K, committed 15104K, reserved 516096K
}
Event: 99.848 GC heap before
{Heap before GC invocations=84 (full 0):
 garbage-first heap   total 152576K, used 138873K [0x0000000080000000, 0x0000000100000000)
  region size 1024K, 7 young (7168K), 1 survivors (1024K)
 Metaspace       used 104564K, capacity 107954K, committed 108244K, reserved 610304K
  class space    used 13742K, capacity 15063K, committed 15104K, reserved 516096K
}
Event: 99.851 GC heap after
{Heap after GC invocations=85 (full 0):
 garbage-first heap   total 152576K, used 132743K [0x0000000080000000, 0x0000000100000000)
  region size 1024K, 1 young (1024K), 1 survivors (1024K)
 Metaspace       used 104564K, capacity 107954K, committed 108244K, reserved 610304K
  class space    used 13742K, capacity 15063K, committed 15104K, reserved 516096K
}
Event: 100.192 GC heap before
{Heap before GC invocations=85 (full 0):
 garbage-first heap   total 152576K, used 138887K [0x0000000080000000, 0x0000000100000000)
  region size 1024K, 7 young (7168K), 1 survivors (1024K)
 Metaspace       used 104564K, capacity 107954K, committed 108244K, reserved 610304K
  class space    used 13742K, capacity 15063K, committed 15104K, reserved 516096K
}
Event: 100.193 GC heap after
{Heap after GC invocations=86 (full 0):
 garbage-first heap   total 152576K, used 132727K [0x0000000080000000, 0x0000000100000000)
  region size 1024K, 1 young (1024K), 1 survivors (1024K)
 Metaspace       used 104564K, capacity 107954K, committed 108244K, reserved 610304K
  class space    used 13742K, capacity 15063K, committed 15104K, reserved 516096K
}
Event: 101.594 GC heap before
{Heap before GC invocations=86 (full 0):
 garbage-first heap   total 152576K, used 138871K [0x0000000080000000, 0x0000000100000000)
  region size 1024K, 7 young (7168K), 1 survivors (1024K)
 Metaspace       used 104565K, capacity 107954K, committed 108244K, reserved 610304K
  class space    used 13742K, capacity 15063K, committed 15104K, reserved 516096K
}
Event: 101.600 GC heap after
{Heap after GC invocations=87 (full 0):
 garbage-first heap   total 152576K, used 132740K [0x0000000080000000, 0x0000000100000000)
  region size 1024K, 1 young (1024K), 1 survivors (1024K)
 Metaspace       used 104565K, capacity 107954K, committed 108244K, reserved 610304K
  class space    used 13742K, capacity 15063K, committed 15104K, reserved 516096K
}

