# JRE version: OpenJDK Runtime Environment Microsoft-7208460 (11.0.18+10) (build 11.0.18+10-LTS)
# Java VM: OpenJDK 64-Bit Server VM Microsoft-7208460 (11.0.18+10-LTS, mixed mode, tiered, compressed oops, g1 gc, windows-amd64)
Heap:
 garbage-first heap   total 391168K, used 216990K [0x0000000080000000, 0x0000000100000000)
  region size 1024K, 2 young (2048K), 2 survivors (2048K)
 Metaspace       used 128961K, capacity 133683K, committed 133844K, reserved 632832K
  class space    used 16135K, capacity 17892K, committed 17920K, reserved 516096K
GC Heap History (20 events):
Event: 300.816 GC heap after
{Heap after GC invocations=136 (full 0):
 garbage-first heap   total 317440K, used 264650K [0x0000000080000000, 0x0000000100000000)
  region size 1024K, 1 young (1024K), 1 survivors (1024K)
 Metaspace       used 121507K, capacity 126176K, committed 126292K, reserved 626688K
  class space    used 15489K, capacity 17209K, committed 17280K, reserved 516096K
}
Event: 301.058 GC heap before
{Heap before GC invocations=136 (full 0):
 garbage-first heap   total 317440K, used 280010K [0x0000000080000000, 0x0000000100000000)
  region size 1024K, 15 young (15360K), 1 survivors (1024K)
 Metaspace       used 122001K, capacity 126715K, committed 126804K, reserved 626688K
  class space    used 15528K, capacity 17265K, committed 17280K, reserved 516096K
}
Event: 301.064 GC heap after
{Heap after GC invocations=137 (full 0):
 garbage-first heap   total 317440K, used 264906K [0x0000000080000000, 0x0000000100000000)
  region size 1024K, 2 young (2048K), 2 survivors (2048K)
 Metaspace       used 122001K, capacity 126715K, committed 126804K, reserved 626688K
  class space    used 15528K, capacity 17265K, committed 17280K, reserved 516096K
}
Event: 301.541 GC heap before
{Heap before GC invocations=137 (full 0):
 garbage-first heap   total 317440K, used 277194K [0x0000000080000000, 0x0000000100000000)
  region size 1024K, 15 young (15360K), 2 survivors (2048K)
 Metaspace       used 123646K, capacity 128353K, committed 128468K, reserved 628736K
  class space    used 15654K, capacity 17397K, committed 17408K, reserved 516096K
}
Event: 301.558 GC heap after
{Heap after GC invocations=138 (full 0):
 garbage-first heap   total 317440K, used 267042K [0x0000000080000000, 0x0000000100000000)
  region size 1024K, 2 young (2048K), 2 survivors (2048K)
 Metaspace       used 123646K, capacity 128353K, committed 128468K, reserved 628736K
  class space    used 15654K, capacity 17397K, committed 17408K, reserved 516096K
}
Event: 302.000 GC heap before
{Heap before GC invocations=138 (full 0):
 garbage-first heap   total 317440K, used 279330K [0x0000000080000000, 0x0000000100000000)
  region size 1024K, 15 young (15360K), 2 survivors (2048K)
 Metaspace       used 124449K, capacity 129121K, committed 129364K, reserved 628736K
  class space    used 15730K, capacity 17461K, committed 17536K, reserved 516096K
}
Event: 302.016 GC heap after
{Heap after GC invocations=139 (full 0):
 garbage-first heap   total 317440K, used 269095K [0x0000000080000000, 0x0000000100000000)
  region size 1024K, 2 young (2048K), 2 survivors (2048K)
 Metaspace       used 124449K, capacity 129121K, committed 129364K, reserved 628736K
  class space    used 15730K, capacity 17461K, committed 17536K, reserved 516096K
}
Event: 302.895 GC heap before
{Heap before GC invocations=139 (full 0):
 garbage-first heap   total 317440K, used 278311K [0x0000000080000000, 0x0000000100000000)
  region size 1024K, 15 young (15360K), 2 survivors (2048K)
 Metaspace       used 125836K, capacity 130520K, committed 130772K, reserved 630784K
  class space    used 15833K, capacity 17558K, committed 17664K, reserved 516096K
}
Event: 302.912 GC heap after
{Heap after GC invocations=140 (full 0):
 garbage-first heap   total 317440K, used 268614K [0x0000000080000000, 0x0000000100000000)
  region size 1024K, 2 young (2048K), 2 survivors (2048K)
 Metaspace       used 125836K, capacity 130520K, committed 130772K, reserved 630784K
  class space    used 15833K, capacity 17558K, committed 17664K, reserved 516096K
}
Event: 303.937 GC heap before
{Heap before GC invocations=141 (full 0):
 garbage-first heap   total 317440K, used 280902K [0x0000000080000000, 0x0000000100000000)
  region size 1024K, 15 young (15360K), 2 survivors (2048K)
 Metaspace       used 125950K, capacity 130590K, committed 130772K, reserved 630784K
  class space    used 15833K, capacity 17559K, committed 17664K, reserved 516096K
}
Event: 303.957 GC heap after
{Heap after GC invocations=142 (full 0):
 garbage-first heap   total 317440K, used 270439K [0x0000000080000000, 0x0000000100000000)
  region size 1024K, 2 young (2048K), 2 survivors (2048K)
 Metaspace       used 125950K, capacity 130590K, committed 130772K, reserved 630784K
  class space    used 15833K, capacity 17559K, committed 17664K, reserved 516096K
}
Event: 304.312 GC heap before
{Heap before GC invocations=142 (full 0):
 garbage-first heap   total 317440K, used 282727K [0x0000000080000000, 0x0000000100000000)
  region size 1024K, 15 young (15360K), 2 survivors (2048K)
 Metaspace       used 126466K, capacity 131076K, committed 131284K, reserved 630784K
  class space    used 15871K, capacity 17592K, committed 17664K, reserved 516096K
}
Event: 304.337 GC heap after
{Heap after GC invocations=143 (full 0):
 garbage-first heap   total 317440K, used 254076K [0x0000000080000000, 0x0000000100000000)
  region size 1024K, 1 young (1024K), 1 survivors (1024K)
 Metaspace       used 126466K, capacity 131076K, committed 131284K, reserved 630784K
  class space    used 15871K, capacity 17592K, committed 17664K, reserved 516096K
}
Event: 306.397 GC heap before
{Heap before GC invocations=143 (full 0):
 garbage-first heap   total 317440K, used 267388K [0x0000000080000000, 0x0000000100000000)
  region size 1024K, 15 young (15360K), 1 survivors (1024K)
 Metaspace       used 127909K, capacity 132688K, committed 132820K, reserved 632832K
  class space    used 16044K, capacity 17806K, committed 17920K, reserved 516096K
}
Event: 306.457 GC heap after
{Heap after GC invocations=144 (full 0):
 garbage-first heap   total 317440K, used 241821K [0x0000000080000000, 0x0000000100000000)
  region size 1024K, 1 young (1024K), 1 survivors (1024K)
 Metaspace       used 127909K, capacity 132688K, committed 132820K, reserved 632832K
  class space    used 16044K, capacity 17806K, committed 17920K, reserved 516096K
}
Event: 307.381 GC heap before
{Heap before GC invocations=144 (full 0):
 garbage-first heap   total 317440K, used 256157K [0x0000000080000000, 0x0000000100000000)
  region size 1024K, 15 young (15360K), 1 survivors (1024K)
 Metaspace       used 128061K, capacity 132839K, committed 133076K, reserved 632832K
  class space    used 16051K, capacity 17812K, committed 17920K, reserved 516096K
}
Event: 307.406 GC heap after
{Heap after GC invocations=145 (full 0):
 garbage-first heap   total 317440K, used 231628K [0x0000000080000000, 0x0000000100000000)
  region size 1024K, 1 young (1024K), 1 survivors (1024K)
 Metaspace       used 128061K, capacity 132839K, committed 133076K, reserved 632832K
  class space    used 16051K, capacity 17812K, committed 17920K, reserved 516096K
}
Event: 307.995 GC heap before
{Heap before GC invocations=145 (full 0):
 garbage-first heap   total 317440K, used 244940K [0x0000000080000000, 0x0000000100000000)
  region size 1024K, 15 young (15360K), 1 survivors (1024K)
 Metaspace       used 128303K, capacity 133127K, committed 133332K, reserved 632832K
  class space    used 16068K, capacity 17844K, committed 17920K, reserved 516096K
}
Event: 308.029 GC heap after
{Heap after GC invocations=146 (full 0):
 garbage-first heap   total 317440K, used 222338K [0x0000000080000000, 0x0000000100000000)
  region size 1024K, 2 young (2048K), 2 survivors (2048K)
 Metaspace       used 128303K, capacity 133127K, committed 133332K, reserved 632832K
  class space    used 16068K, capacity 17844K, committed 17920K, reserved 516096K
}
Event: 308.400 GC heap before
{Heap before GC invocations=146 (full 0):
 garbage-first heap   total 317440K, used 234626K [0x0000000080000000, 0x0000000100000000)
  region size 1024K, 15 young (15360K), 2 survivors (2048K)
 Metaspace       used 128961K, capacity 133683K, committed 133844K, reserved 632832K
  class space    used 16135K, capacity 17892K, committed 17920K, reserved 516096K
}

