# JRE version: OpenJDK Runtime Environment Microsoft-7208460 (11.0.18+10) (build 11.0.18+10-LTS)
# Java VM: OpenJDK 64-Bit Server VM Microsoft-7208460 (11.0.18+10-LTS, mixed mode, tiered, compressed oops, g1 gc, windows-amd64)
Heap:
 garbage-first heap   total 183296K, used 136528K [0x0000000080000000, 0x0000000100000000)
  region size 1024K, 6 young (6144K), 1 survivors (1024K)
 Metaspace       used 106097K, capacity 109451K, committed 109648K, reserved 612352K
  class space    used 13927K, capacity 15255K, committed 15360K, reserved 516096K
GC Heap History (20 events):
Event: 135.095 GC heap before
{Heap before GC invocations=67 (full 0):
 garbage-first heap   total 152576K, used 116467K [0x0000000080000000, 0x0000000100000000)
  region size 1024K, 11 young (11264K), 2 survivors (2048K)
 Metaspace       used 98047K, capacity 101012K, committed 101200K, reserved 604160K
  class space    used 12833K, capacity 13992K, committed 14080K, reserved 516096K
}
Event: 135.109 GC heap after
{Heap after GC invocations=68 (full 0):
 garbage-first heap   total 152576K, used 110093K [0x0000000080000000, 0x0000000100000000)
  region size 1024K, 2 young (2048K), 2 survivors (2048K)
 Metaspace       used 98047K, capacity 101012K, committed 101200K, reserved 604160K
  class space    used 12833K, capacity 13992K, committed 14080K, reserved 516096K
}
Event: 138.567 GC heap before
{Heap before GC invocations=69 (full 0):
 garbage-first heap   total 152576K, used 111117K [0x0000000080000000, 0x0000000100000000)
  region size 1024K, 3 young (3072K), 2 survivors (2048K)
 Metaspace       used 98052K, capacity 101012K, committed 101200K, reserved 604160K
  class space    used 12833K, capacity 13992K, committed 14080K, reserved 516096K
}
Event: 138.579 GC heap after
{Heap after GC invocations=70 (full 0):
 garbage-first heap   total 152576K, used 111568K [0x0000000080000000, 0x0000000100000000)
  region size 1024K, 1 young (1024K), 1 survivors (1024K)
 Metaspace       used 98052K, capacity 101012K, committed 101200K, reserved 604160K
  class space    used 12833K, capacity 13992K, committed 14080K, reserved 516096K
}
Event: 139.221 GC heap before
{Heap before GC invocations=71 (full 0):
 garbage-first heap   total 152576K, used 123856K [0x0000000080000000, 0x0000000100000000)
  region size 1024K, 10 young (10240K), 1 survivors (1024K)
 Metaspace       used 98690K, capacity 101715K, committed 101840K, reserved 604160K
  class space    used 12922K, capacity 14097K, committed 14208K, reserved 516096K
}
Event: 139.224 GC heap after
{Heap after GC invocations=72 (full 0):
 garbage-first heap   total 183296K, used 115344K [0x0000000080000000, 0x0000000100000000)
  region size 1024K, 2 young (2048K), 2 survivors (2048K)
 Metaspace       used 98690K, capacity 101715K, committed 101840K, reserved 604160K
  class space    used 12922K, capacity 14097K, committed 14208K, reserved 516096K
}
Event: 140.185 GC heap before
{Heap before GC invocations=72 (full 0):
 garbage-first heap   total 183296K, used 135824K [0x0000000080000000, 0x0000000100000000)
  region size 1024K, 22 young (22528K), 2 survivors (2048K)
 Metaspace       used 99696K, capacity 102780K, committed 102992K, reserved 606208K
  class space    used 13037K, capacity 14235K, committed 14336K, reserved 516096K
}
Event: 140.191 GC heap after
{Heap after GC invocations=73 (full 0):
 garbage-first heap   total 183296K, used 117176K [0x0000000080000000, 0x0000000100000000)
  region size 1024K, 3 young (3072K), 3 survivors (3072K)
 Metaspace       used 99696K, capacity 102780K, committed 102992K, reserved 606208K
  class space    used 13037K, capacity 14235K, committed 14336K, reserved 516096K
}
Event: 144.049 GC heap before
{Heap before GC invocations=74 (full 0):
 garbage-first heap   total 183296K, used 139704K [0x0000000080000000, 0x0000000100000000)
  region size 1024K, 25 young (25600K), 3 survivors (3072K)
 Metaspace       used 100278K, capacity 103506K, committed 103632K, reserved 606208K
  class space    used 13108K, capacity 14343K, committed 14464K, reserved 516096K
}
Event: 144.059 GC heap after
{Heap after GC invocations=75 (full 0):
 garbage-first heap   total 183296K, used 119183K [0x0000000080000000, 0x0000000100000000)
  region size 1024K, 4 young (4096K), 4 survivors (4096K)
 Metaspace       used 100278K, capacity 103506K, committed 103632K, reserved 606208K
  class space    used 13108K, capacity 14343K, committed 14464K, reserved 516096K
}
Event: 148.082 GC heap before
{Heap before GC invocations=75 (full 0):
 garbage-first heap   total 183296K, used 138639K [0x0000000080000000, 0x0000000100000000)
  region size 1024K, 25 young (25600K), 4 survivors (4096K)
 Metaspace       used 100323K, capacity 103521K, committed 103888K, reserved 606208K
  class space    used 13110K, capacity 14346K, committed 14464K, reserved 516096K
}
Event: 148.096 GC heap after
{Heap after GC invocations=76 (full 0):
 garbage-first heap   total 183296K, used 121039K [0x0000000080000000, 0x0000000100000000)
  region size 1024K, 4 young (4096K), 4 survivors (4096K)
 Metaspace       used 100323K, capacity 103521K, committed 103888K, reserved 606208K
  class space    used 13110K, capacity 14346K, committed 14464K, reserved 516096K
}
Event: 151.558 GC heap before
{Heap before GC invocations=77 (full 0):
 garbage-first heap   total 183296K, used 144591K [0x0000000080000000, 0x0000000100000000)
  region size 1024K, 27 young (27648K), 4 survivors (4096K)
 Metaspace       used 101633K, capacity 104867K, committed 105040K, reserved 608256K
  class space    used 13272K, capacity 14516K, committed 14592K, reserved 516096K
}
Event: 151.570 GC heap after
{Heap after GC invocations=78 (full 0):
 garbage-first heap   total 183296K, used 125495K [0x0000000080000000, 0x0000000100000000)
  region size 1024K, 4 young (4096K), 4 survivors (4096K)
 Metaspace       used 101633K, capacity 104867K, committed 105040K, reserved 608256K
  class space    used 13272K, capacity 14516K, committed 14592K, reserved 516096K
}
Event: 153.199 GC heap before
{Heap before GC invocations=78 (full 0):
 garbage-first heap   total 183296K, used 146999K [0x0000000080000000, 0x0000000100000000)
  region size 1024K, 26 young (26624K), 4 survivors (4096K)
 Metaspace       used 102437K, capacity 105664K, committed 105936K, reserved 608256K
  class space    used 13380K, capacity 14693K, committed 14720K, reserved 516096K
}
Event: 153.219 GC heap after
{Heap after GC invocations=79 (full 0):
 garbage-first heap   total 183296K, used 128439K [0x0000000080000000, 0x0000000100000000)
  region size 1024K, 3 young (3072K), 3 survivors (3072K)
 Metaspace       used 102437K, capacity 105664K, committed 105936K, reserved 608256K
  class space    used 13380K, capacity 14693K, committed 14720K, reserved 516096K
}
Event: 154.263 GC heap before
{Heap before GC invocations=80 (full 0):
 garbage-first heap   total 183296K, used 149943K [0x0000000080000000, 0x0000000100000000)
  region size 1024K, 24 young (24576K), 3 survivors (3072K)
 Metaspace       used 103543K, capacity 106877K, committed 107216K, reserved 610304K
  class space    used 13529K, capacity 14854K, committed 14976K, reserved 516096K
}
Event: 154.270 GC heap after
{Heap after GC invocations=81 (full 0):
 garbage-first heap   total 183296K, used 131414K [0x0000000080000000, 0x0000000100000000)
  region size 1024K, 3 young (3072K), 3 survivors (3072K)
 Metaspace       used 103543K, capacity 106877K, committed 107216K, reserved 610304K
  class space    used 13529K, capacity 14854K, committed 14976K, reserved 516096K
}
Event: 155.342 GC heap before
{Heap before GC invocations=81 (full 0):
 garbage-first heap   total 183296K, used 151894K [0x0000000080000000, 0x0000000100000000)
  region size 1024K, 23 young (23552K), 3 survivors (3072K)
 Metaspace       used 105704K, capacity 109099K, committed 109264K, reserved 610304K
  class space    used 13874K, capacity 15223K, committed 15232K, reserved 516096K
}
Event: 155.355 GC heap after
{Heap after GC invocations=82 (full 0):
 garbage-first heap   total 183296K, used 132432K [0x0000000080000000, 0x0000000100000000)
  region size 1024K, 1 young (1024K), 1 survivors (1024K)
 Metaspace       used 105704K, capacity 109099K, committed 109264K, reserved 610304K
  class space    used 13874K, capacity 15223K, committed 15232K, reserved 516096K
}

